2022-11-25 22:57:47,435 NO UNREAD MESSAGES

2022-11-25 22:57:47,435 ---------------------------------INSTRUCTIONS----------------------------------


2022-11-25 22:57:47,435 ENTER:
          1-FOR-DMS,
          2-FOR GROUP CHATS ,
          3-FOR CREATING A GROUP ,
          4-FOR ADDING PARTICIPANT,
          5-FOR HISTORY
          6-FOR GROUP CHAT HISTORY
          7-FOR AVAILABLE ONLINE USERS
          8-FOR AVAILBALE GROUPS
          9-FOR AVAILABE USERS
          10-TO EXIT
          CLTRL-C FOR EXIT

2022-11-25 22:57:47,532 NO UNREAD MESSAGES

2022-11-25 22:57:47,533 ---------------------------------INSTRUCTIONS----------------------------------


2022-11-25 22:57:47,533 ENTER:
          1-FOR-DMS,
          2-FOR GROUP CHATS ,
          3-FOR CREATING A GROUP ,
          4-FOR ADDING PARTICIPANT,
          5-FOR HISTORY
          6-FOR GROUP CHAT HISTORY
          7-FOR AVAILABLE ONLINE USERS
          8-FOR AVAILBALE GROUPS
          9-FOR AVAILABE USERS
          10-TO EXIT
          CLTRL-C FOR EXIT

2022-11-25 22:57:47,639 NO UNREAD MESSAGES

2022-11-25 22:57:47,640 ---------------------------------INSTRUCTIONS----------------------------------


2022-11-25 22:57:47,641 ENTER:
          1-FOR-DMS,
          2-FOR GROUP CHATS ,
          3-FOR CREATING A GROUP ,
          4-FOR ADDING PARTICIPANT,
          5-FOR HISTORY
          6-FOR GROUP CHAT HISTORY
          7-FOR AVAILABLE ONLINE USERS
          8-FOR AVAILBALE GROUPS
          9-FOR AVAILABE USERS
          10-TO EXIT
          CLTRL-C FOR EXIT

2022-11-25 22:57:47,741 NO UNREAD MESSAGES

2022-11-25 22:57:47,742 ---------------------------------INSTRUCTIONS----------------------------------


2022-11-25 22:57:47,743 ENTER:
          1-FOR-DMS,
          2-FOR GROUP CHATS ,
          3-FOR CREATING A GROUP ,
          4-FOR ADDING PARTICIPANT,
          5-FOR HISTORY
          6-FOR GROUP CHAT HISTORY
          7-FOR AVAILABLE ONLINE USERS
          8-FOR AVAILBALE GROUPS
          9-FOR AVAILABE USERS
          10-TO EXIT
          CLTRL-C FOR EXIT

2022-11-25 22:57:47,842 NO UNREAD MESSAGES

2022-11-25 22:57:47,844 ---------------------------------INSTRUCTIONS----------------------------------


2022-11-25 22:57:47,845 ENTER:
          1-FOR-DMS,
          2-FOR GROUP CHATS ,
          3-FOR CREATING A GROUP ,
          4-FOR ADDING PARTICIPANT,
          5-FOR HISTORY
          6-FOR GROUP CHAT HISTORY
          7-FOR AVAILABLE ONLINE USERS
          8-FOR AVAILBALE GROUPS
          9-FOR AVAILABE USERS
          10-TO EXIT
          CLTRL-C FOR EXIT

2022-11-25 22:57:47,945 NO UNREAD MESSAGES

2022-11-25 22:57:47,946 ---------------------------------INSTRUCTIONS----------------------------------


2022-11-25 22:57:47,947 ENTER:
          1-FOR-DMS,
          2-FOR GROUP CHATS ,
          3-FOR CREATING A GROUP ,
          4-FOR ADDING PARTICIPANT,
          5-FOR HISTORY
          6-FOR GROUP CHAT HISTORY
          7-FOR AVAILABLE ONLINE USERS
          8-FOR AVAILBALE GROUPS
          9-FOR AVAILABE USERS
          10-TO EXIT
          CLTRL-C FOR EXIT

2022-11-25 22:57:48,033 1

2022-11-25 22:57:48,033 ENTER :1 FOR TEXT , 2 FOR IMAGES


2022-11-25 22:57:48,033 1

2022-11-25 22:57:48,033 Whom do u want to send


2022-11-25 22:57:48,033 a4

2022-11-25 22:57:48,034 type your message


2022-11-25 22:57:48,034 h0

2022-11-25 22:57:48,057 h0

2022-11-25 22:57:48,134 1

2022-11-25 22:57:48,134 ENTER :1 FOR TEXT , 2 FOR IMAGES


2022-11-25 22:57:48,134 1

2022-11-25 22:57:48,134 Whom do u want to send


2022-11-25 22:57:48,134 a6

2022-11-25 22:57:48,134 type your message


2022-11-25 22:57:48,135 h1

2022-11-25 22:57:48,156 h1

2022-11-25 22:57:48,235 1

2022-11-25 22:57:48,235 ENTER :1 FOR TEXT , 2 FOR IMAGES


2022-11-25 22:57:48,235 1

2022-11-25 22:57:48,236 Whom do u want to send


2022-11-25 22:57:48,236 a2

2022-11-25 22:57:48,237 type your message


2022-11-25 22:57:48,237 h2

2022-11-25 22:57:48,280 h2

2022-11-25 22:57:48,337 1

2022-11-25 22:57:48,337 ENTER :1 FOR TEXT , 2 FOR IMAGES


2022-11-25 22:57:48,337 1

2022-11-25 22:57:48,337 Whom do u want to send


2022-11-25 22:57:48,338 a6

2022-11-25 22:57:48,339 type your message


2022-11-25 22:57:48,339 h3

2022-11-25 22:57:48,355 h3

2022-11-25 22:57:48,438 1

2022-11-25 22:57:48,439 ENTER :1 FOR TEXT , 2 FOR IMAGES


2022-11-25 22:57:48,439 1

2022-11-25 22:57:48,439 Whom do u want to send


2022-11-25 22:57:48,439 a6

2022-11-25 22:57:48,441 type your message


2022-11-25 22:57:48,441 h4

2022-11-25 22:57:48,456 h4

2022-11-25 22:57:48,540 1

2022-11-25 22:57:48,541 ENTER :1 FOR TEXT , 2 FOR IMAGES


2022-11-25 22:57:48,541 1

2022-11-25 22:57:48,541 Whom do u want to send


2022-11-25 22:57:48,541 a6

2022-11-25 22:57:48,543 type your message


2022-11-25 22:57:48,543 h5

2022-11-25 22:57:48,559 h5

2022-11-25 22:57:48,642 1

2022-11-25 22:57:48,643 ENTER :1 FOR TEXT , 2 FOR IMAGES


2022-11-25 22:57:48,643 1

2022-11-25 22:57:48,643 Whom do u want to send


2022-11-25 22:57:48,644 a6

2022-11-25 22:57:48,645 type your message


2022-11-25 22:57:48,645 h6

2022-11-25 22:57:48,687 h6

2022-11-25 22:57:48,744 1

2022-11-25 22:57:48,744 ENTER :1 FOR TEXT , 2 FOR IMAGES


2022-11-25 22:57:48,744 1

2022-11-25 22:57:48,744 Whom do u want to send


2022-11-25 22:57:48,744 a4

2022-11-25 22:57:48,745 type your message


2022-11-25 22:57:48,745 h7

2022-11-25 22:57:48,760 h7

2022-11-25 22:57:48,845 1

2022-11-25 22:57:48,845 ENTER :1 FOR TEXT , 2 FOR IMAGES


2022-11-25 22:57:48,846 1

2022-11-25 22:57:48,846 Whom do u want to send


2022-11-25 22:57:48,846 a4

2022-11-25 22:57:48,847 type your message


2022-11-25 22:57:48,848 h8

2022-11-25 22:57:48,865 h8

2022-11-25 22:57:48,947 1

2022-11-25 22:57:48,947 ENTER :1 FOR TEXT , 2 FOR IMAGES


2022-11-25 22:57:48,947 1

2022-11-25 22:57:48,948 Whom do u want to send


2022-11-25 22:57:48,948 a2

2022-11-25 22:57:48,949 type your message


2022-11-25 22:57:48,949 h9

2022-11-25 22:57:48,971 h9

2022-11-25 22:57:49,048 1

2022-11-25 22:57:49,049 ENTER :1 FOR TEXT , 2 FOR IMAGES


2022-11-25 22:57:49,049 1

2022-11-25 22:57:49,050 Whom do u want to send


2022-11-25 22:57:49,050 a6

2022-11-25 22:57:49,051 type your message


2022-11-25 22:57:49,051 h10

2022-11-25 22:57:49,067 h10

2022-11-25 22:57:49,150 1

2022-11-25 22:57:49,151 ENTER :1 FOR TEXT , 2 FOR IMAGES


2022-11-25 22:57:49,151 1

2022-11-25 22:57:49,151 Whom do u want to send


2022-11-25 22:57:49,152 a6

2022-11-25 22:57:49,153 type your message


2022-11-25 22:57:49,153 h11

2022-11-25 22:57:49,168 h11

2022-11-25 22:57:49,252 1

2022-11-25 22:57:49,253 ENTER :1 FOR TEXT , 2 FOR IMAGES


2022-11-25 22:57:49,253 1

2022-11-25 22:57:49,253 Whom do u want to send


2022-11-25 22:57:49,253 a6

2022-11-25 22:57:49,255 type your message


2022-11-25 22:57:49,255 h12

2022-11-25 22:57:49,271 h12

2022-11-25 22:57:49,355 1

2022-11-25 22:57:49,355 ENTER :1 FOR TEXT , 2 FOR IMAGES


2022-11-25 22:57:49,355 1

2022-11-25 22:57:49,355 Whom do u want to send


2022-11-25 22:57:49,356 a2

2022-11-25 22:57:49,357 type your message


2022-11-25 22:57:49,357 h13

2022-11-25 22:57:49,373 h13

2022-11-25 22:57:49,457 1

2022-11-25 22:57:49,457 ENTER :1 FOR TEXT , 2 FOR IMAGES


2022-11-25 22:57:49,458 1

2022-11-25 22:57:49,458 Whom do u want to send


2022-11-25 22:57:49,458 a6

2022-11-25 22:57:49,459 type your message


2022-11-25 22:57:49,459 h14

2022-11-25 22:57:49,476 h14

2022-11-25 22:57:49,559 1

2022-11-25 22:57:49,559 ENTER :1 FOR TEXT , 2 FOR IMAGES


2022-11-25 22:57:49,559 1

2022-11-25 22:57:49,560 Whom do u want to send


2022-11-25 22:57:49,560 a5

2022-11-25 22:57:49,561 type your message


2022-11-25 22:57:49,561 h15

2022-11-25 22:57:49,581 h15

2022-11-25 22:57:49,661 1

2022-11-25 22:57:49,661 ENTER :1 FOR TEXT , 2 FOR IMAGES


2022-11-25 22:57:49,661 1

2022-11-25 22:57:49,662 Whom do u want to send


2022-11-25 22:57:49,662 a5

2022-11-25 22:57:49,663 type your message


2022-11-25 22:57:49,663 h16

2022-11-25 22:57:49,683 h16

2022-11-25 22:57:49,763 1

2022-11-25 22:57:49,763 ENTER :1 FOR TEXT , 2 FOR IMAGES


2022-11-25 22:57:49,764 1

2022-11-25 22:57:49,764 Whom do u want to send


2022-11-25 22:57:49,764 a1

2022-11-25 22:57:49,766 type your message


2022-11-25 22:57:49,766 h17

2022-11-25 22:57:49,785 h17

2022-11-25 22:57:49,865 1

2022-11-25 22:57:49,865 ENTER :1 FOR TEXT , 2 FOR IMAGES


2022-11-25 22:57:49,865 1

2022-11-25 22:57:49,865 Whom do u want to send


2022-11-25 22:57:49,865 a5

2022-11-25 22:57:49,867 type your message


2022-11-25 22:57:49,867 h18

2022-11-25 22:57:49,883 h18

2022-11-25 22:57:49,966 1

2022-11-25 22:57:49,967 ENTER :1 FOR TEXT , 2 FOR IMAGES


2022-11-25 22:57:49,967 1

2022-11-25 22:57:49,967 Whom do u want to send


2022-11-25 22:57:49,967 a5

2022-11-25 22:57:49,969 type your message


2022-11-25 22:57:49,969 h19

2022-11-25 22:57:49,984 h19

2022-11-25 22:57:50,068 1

2022-11-25 22:57:50,072 ENTER :1 FOR TEXT , 2 FOR IMAGES


2022-11-25 22:57:50,072 1

2022-11-25 22:57:50,073 Whom do u want to send


2022-11-25 22:57:50,073 a1

2022-11-25 22:57:50,074 type your message


2022-11-25 22:57:50,075 h20

2022-11-25 22:57:50,091 h20

2022-11-25 22:57:50,173 1

2022-11-25 22:57:50,174 ENTER :1 FOR TEXT , 2 FOR IMAGES


2022-11-25 22:57:50,174 1

2022-11-25 22:57:50,175 Whom do u want to send


2022-11-25 22:57:50,175 a5

2022-11-25 22:57:50,176 type your message


2022-11-25 22:57:50,176 h21

2022-11-25 22:57:50,193 h21

2022-11-25 22:57:50,275 1

2022-11-25 22:57:50,276 ENTER :1 FOR TEXT , 2 FOR IMAGES


2022-11-25 22:57:50,276 1

2022-11-25 22:57:50,276 Whom do u want to send


2022-11-25 22:57:50,276 a5

2022-11-25 22:57:50,278 type your message


2022-11-25 22:57:50,278 h22

2022-11-25 22:57:50,294 h22

2022-11-25 22:57:50,377 1

2022-11-25 22:57:50,377 ENTER :1 FOR TEXT , 2 FOR IMAGES


2022-11-25 22:57:50,378 1

2022-11-25 22:57:50,378 Whom do u want to send


2022-11-25 22:57:50,378 a3

2022-11-25 22:57:50,379 type your message


2022-11-25 22:57:50,380 h23

2022-11-25 22:57:50,397 h23

2022-11-25 22:57:50,479 1

2022-11-25 22:57:50,479 ENTER :1 FOR TEXT , 2 FOR IMAGES


2022-11-25 22:57:50,479 1

2022-11-25 22:57:50,480 Whom do u want to send


2022-11-25 22:57:50,480 a3

2022-11-25 22:57:50,481 type your message


2022-11-25 22:57:50,481 h24

2022-11-25 22:57:50,498 h24

2022-11-25 22:57:50,580 1

2022-11-25 22:57:50,581 ENTER :1 FOR TEXT , 2 FOR IMAGES


2022-11-25 22:57:50,581 1

2022-11-25 22:57:50,581 Whom do u want to send


2022-11-25 22:57:50,581 a5

2022-11-25 22:57:50,583 type your message


2022-11-25 22:57:50,583 h25

2022-11-25 22:57:50,600 h25

2022-11-25 22:57:50,682 1

2022-11-25 22:57:50,683 ENTER :1 FOR TEXT , 2 FOR IMAGES


2022-11-25 22:57:50,683 1

2022-11-25 22:57:50,683 Whom do u want to send


2022-11-25 22:57:50,683 a3

2022-11-25 22:57:50,685 type your message


2022-11-25 22:57:50,685 h26

2022-11-25 22:57:50,702 h26

2022-11-25 22:57:50,784 1

2022-11-25 22:57:50,784 ENTER :1 FOR TEXT , 2 FOR IMAGES


2022-11-25 22:57:50,785 1

2022-11-25 22:57:50,785 Whom do u want to send


2022-11-25 22:57:50,785 a3

2022-11-25 22:57:50,787 type your message


2022-11-25 22:57:50,787 h27

2022-11-25 22:57:50,803 h27

2022-11-25 22:57:50,885 1

2022-11-25 22:57:50,887 ENTER :1 FOR TEXT , 2 FOR IMAGES


2022-11-25 22:57:50,887 1

2022-11-25 22:57:50,887 Whom do u want to send


2022-11-25 22:57:50,887 a5

2022-11-25 22:57:50,889 type your message


2022-11-25 22:57:50,889 h28

2022-11-25 22:57:50,905 h28

2022-11-25 22:57:50,988 1

2022-11-25 22:57:50,988 ENTER :1 FOR TEXT , 2 FOR IMAGES


2022-11-25 22:57:50,989 1

2022-11-25 22:57:50,989 Whom do u want to send


2022-11-25 22:57:50,989 a3

2022-11-25 22:57:50,991 type your message


2022-11-25 22:57:50,991 h29

2022-11-25 22:57:51,009 h29

